Using pre-set license
Built from '2021.2/staging' branch; Version is '2021.2.13f1 (90b6766da538) revision 9483894'; Using compiler version '192829333'; Build Type 'Release'
OS: 'Windows 11  (10.0.22631) 64bit Professional' Language: 'ko' Physical Memory: 15557 MB
BatchMode: 1, IsHumanControllingUs: 0, StartBugReporterOnCrash: 0, Is64bit: 1, IsPro: 1

COMMAND LINE ARGUMENTS:
C:\Program Files\Unity\Hub\Editor\2021.2.13f1\Editor\Unity.exe
-adb2
-batchMode
-noUpm
-name
AssetImportWorker0
-projectPath
C:/Users/obtbk/scene4&5
-logFile
Logs/AssetImportWorker0.log
-srvPort
56670
Successfully changed project path to: C:/Users/obtbk/scene4&5
C:/Users/obtbk/scene4&5
[UnityMemory] Configuration Parameters - Can be set up in boot.config
    "memorysetup-bucket-allocator-granularity=16"
    "memorysetup-bucket-allocator-bucket-count=8"
    "memorysetup-bucket-allocator-block-size=33554432"
    "memorysetup-bucket-allocator-block-count=8"
    "memorysetup-main-allocator-block-size=16777216"
    "memorysetup-thread-allocator-block-size=16777216"
    "memorysetup-gfx-main-allocator-block-size=16777216"
    "memorysetup-gfx-thread-allocator-block-size=16777216"
    "memorysetup-cache-allocator-block-size=4194304"
    "memorysetup-typetree-allocator-block-size=2097152"
    "memorysetup-profiler-bucket-allocator-granularity=16"
    "memorysetup-profiler-bucket-allocator-bucket-count=8"
    "memorysetup-profiler-bucket-allocator-block-size=33554432"
    "memorysetup-profiler-bucket-allocator-block-count=8"
    "memorysetup-profiler-allocator-block-size=16777216"
    "memorysetup-profiler-editor-allocator-block-size=1048576"
    "memorysetup-temp-allocator-size-main=16777216"
    "memorysetup-job-temp-allocator-block-size=2097152"
    "memorysetup-job-temp-allocator-block-size-background=1048576"
    "memorysetup-job-temp-allocator-reduction-small-platforms=262144"
    "memorysetup-temp-allocator-size-background-worker=32768"
    "memorysetup-temp-allocator-size-job-worker=262144"
    "memorysetup-temp-allocator-size-preload-manager=33554432"
    "memorysetup-temp-allocator-size-nav-mesh-worker=65536"
    "memorysetup-temp-allocator-size-audio-worker=65536"
    "memorysetup-temp-allocator-size-cloud-worker=32768"
    "memorysetup-temp-allocator-size-gi-baking-worker=262144"
    "memorysetup-temp-allocator-size-gfx=262144"
Refreshing native plugins compatible for Editor in 74.20 ms, found 3 plugins.
Preloading 0 native plugins for Editor in 0.00 ms.
Initialize engine version: 2021.2.13f1 (90b6766da538)
[Subsystems] Discovering subsystems at path C:/Program Files/Unity/Hub/Editor/2021.2.13f1/Editor/Data/Resources/UnitySubsystems
[Subsystems] Discovering subsystems at path C:/Users/obtbk/scene4&5/Assets
GfxDevice: creating device client; threaded=0; jobified=0
Direct3D:
    Version:  Direct3D 11.0 [level 11.1]
    Renderer: NVIDIA GeForce RTX 3060 Laptop GPU (ID=0x2560)
    Vendor:   NVIDIA
    VRAM:     6009 MB
    Driver:   31.0.15.3732
Initialize mono
Mono path[0] = 'C:/Program Files/Unity/Hub/Editor/2021.2.13f1/Editor/Data/Managed'
Mono path[1] = 'C:/Program Files/Unity/Hub/Editor/2021.2.13f1/Editor/Data/MonoBleedingEdge/lib/mono/unityjit-win32'
Mono config path = 'C:/Program Files/Unity/Hub/Editor/2021.2.13f1/Editor/Data/MonoBleedingEdge/etc'
Using monoOptions --debugger-agent=transport=dt_socket,embedding=1,server=y,suspend=n,address=127.0.0.1:56860
Begin MonoManager ReloadAssembly
Registering precompiled unity dll's ...
Register platform support module: C:/Program Files/Unity/Hub/Editor/2021.2.13f1/Editor/Data/PlaybackEngines/WindowsStandaloneSupport/UnityEditor.WindowsStandalone.Extensions.dll
Registered in 0.024527 seconds.
Native extension for WindowsStandalone target not found
Refreshing native plugins compatible for Editor in 65.12 ms, found 3 plugins.
Preloading 0 native plugins for Editor in 0.00 ms.
Mono: successfully reloaded assembly
- Completed reload, in  0.628 seconds
Domain Reload Profiling:
	ReloadAssembly (629ms)
		BeginReloadAssembly (111ms)
			ExecutionOrderSort (0ms)
			DisableScriptedObjects (0ms)
			BackupInstance (0ms)
			ReleaseScriptingObjects (0ms)
			CreateAndSetChildDomain (1ms)
		EndReloadAssembly (381ms)
			LoadAssemblies (105ms)
			RebuildTransferFunctionScriptingTraits (0ms)
			SetupTypeCache (81ms)
			ReleaseScriptCaches (0ms)
			RebuildScriptCaches (20ms)
			SetupLoadedEditorAssemblies (226ms)
				LogAssemblyErrors (0ms)
				InitializePlatformSupportModulesInManaged (15ms)
				SetLoadedEditorAssemblies (0ms)
				RefreshPlugins (65ms)
				BeforeProcessingInitializeOnLoad (1ms)
				ProcessInitializeOnLoadAttributes (104ms)
				ProcessInitializeOnLoadMethodAttributes (41ms)
				AfterProcessingInitializeOnLoad (0ms)
				EditorAssembliesLoaded (0ms)
			ExecutionOrderSort2 (0ms)
			AwakeInstancesAfterBackupRestoration (0ms)
Platform modules already initialized, skipping
Registering precompiled user dll's ...
Registered in 0.009131 seconds.
Begin MonoManager ReloadAssembly
Symbol file LoadedFromMemory doesn't match image C:\Users\obtbk\scene4&5\Library\PackageCache\com.unity.visualscripting@1.7.6\Editor\VisualScripting.Core\Dependencies\YamlDotNet\Unity.VisualScripting.YamlDotNet.dll
Symbol file LoadedFromMemory doesn't match image C:\Users\obtbk\scene4&5\Library\PackageCache\com.unity.visualscripting@1.7.6\Editor\VisualScripting.Core\Dependencies\DotNetZip\Unity.VisualScripting.IonicZip.dll
Native extension for WindowsStandalone target not found
Refreshing native plugins compatible for Editor in 0.63 ms, found 3 plugins.
Preloading 0 native plugins for Editor in 0.00 ms.
Mono: successfully reloaded assembly
- Completed reload, in  0.957 seconds
Domain Reload Profiling:
	ReloadAssembly (958ms)
		BeginReloadAssembly (143ms)
			ExecutionOrderSort (0ms)
			DisableScriptedObjects (5ms)
			BackupInstance (0ms)
			ReleaseScriptingObjects (0ms)
			CreateAndSetChildDomain (19ms)
		EndReloadAssembly (684ms)
			LoadAssemblies (122ms)
			RebuildTransferFunctionScriptingTraits (0ms)
			SetupTypeCache (196ms)
			ReleaseScriptCaches (0ms)
			RebuildScriptCaches (39ms)
			SetupLoadedEditorAssemblies (325ms)
				LogAssemblyErrors (0ms)
				InitializePlatformSupportModulesInManaged (9ms)
				SetLoadedEditorAssemblies (0ms)
				RefreshPlugins (1ms)
				BeforeProcessingInitializeOnLoad (97ms)
				ProcessInitializeOnLoadAttributes (177ms)
				ProcessInitializeOnLoadMethodAttributes (19ms)
				AfterProcessingInitializeOnLoad (23ms)
				EditorAssembliesLoaded (0ms)
			ExecutionOrderSort2 (0ms)
			AwakeInstancesAfterBackupRestoration (7ms)
Platform modules already initialized, skipping
========================================================================
Worker process is ready to serve import requests
Launched and connected shader compiler UnityShaderCompiler.exe after 0.06 seconds
Refreshing native plugins compatible for Editor in 0.54 ms, found 3 plugins.
Preloading 0 native plugins for Editor in 0.00 ms.
Unloading 3241 Unused Serialized files (Serialized files now loaded: 0)
Unloading 21 unused Assets / (56.1 KB). Loaded Objects now: 3703.
Memory consumption went from 114.3 MB to 114.3 MB.
Total: 3.298400 ms (FindLiveObjects: 0.305900 ms CreateObjectMapping: 0.125900 ms MarkObjects: 2.768400 ms  DeleteObjects: 0.096200 ms)

AssetImportParameters requested are different than current active one (requested -> active):
  custom:video-decoder-ogg-theora: a1e56fd34408186e4bbccfd4996cb3dc -> 
  custom:container-muxer-webm: aa71ff27fc2769a1b78a27578f13a17b -> 
  custom:container-demuxer-webm: 4f35f7cbe854078d1ac9338744f61a02 -> 
  custom:video-encoder-webm-vp8: eb34c28f22e8b96e1ab97ce403110664 -> 
  custom:video-codec-MediaFoundation-h265: 746d11721c4dcdbdad8f713fa42b33f4 -> 
  custom:audio-encoder-webm-vorbis: bf7c407c2cedff20999df2af8eb42d56 -> 
  custom:framework-win-MediaFoundation: 216162199b28c13a410421893ffa2e32 -> 
  custom:container-demuxer-ogg: 62fdf1f143b41e24485cea50d1cbac27 -> 
  custom:video-decoder-webm-vp8: 9c59270c3fd7afecdb556c50c9e8de78 -> 
  custom:audio-decoder-ogg-vorbis: bf7c407c2cedff20999df2af8eb42d56 -> 
========================================================================
Received Import Request.
  Time since last request: 187284.014046 seconds.
  path: Assets/ImageAssets/사람
  artifactKey: Guid(563e9a0fbf67b724ab5a0679465efe8e) Importer(815301076,1909f56bfc062723c751e8b465ee728b)
Start importing Assets/ImageAssets/사람 using Guid(563e9a0fbf67b724ab5a0679465efe8e) Importer(815301076,1909f56bfc062723c751e8b465ee728b)  -> (artifact id: '8bf89ef405a34050a3328f5f2be9b95a') in 0.006990 seconds 
========================================================================
Received Import Request.
  Time since last request: 9.318192 seconds.
  path: Assets/ImageAssets/사람/Scene4&5이미지
  artifactKey: Guid(cb303bb526654794d93f88cc3e981ff9) Importer(815301076,1909f56bfc062723c751e8b465ee728b)
Start importing Assets/ImageAssets/사람/Scene4&5이미지 using Guid(cb303bb526654794d93f88cc3e981ff9) Importer(815301076,1909f56bfc062723c751e8b465ee728b)  -> (artifact id: '6d4d3a8973f334350f189445570e294c') in 0.002416 seconds 
========================================================================
Received Import Request.
  Time since last request: 35.302756 seconds.
  path: Assets/ImageAssets/사람/깨닳음.png
  artifactKey: Guid(679767b3e3d67cb46bdd8f413f1935f0) Importer(815301076,1909f56bfc062723c751e8b465ee728b)
Start importing Assets/ImageAssets/사람/깨닳음.png using Guid(679767b3e3d67cb46bdd8f413f1935f0) Importer(815301076,1909f56bfc062723c751e8b465ee728b)  -> (artifact id: '934365c9161396e10e2643527614c085') in 0.121675 seconds 
========================================================================
Received Import Request.
  Time since last request: 2.841875 seconds.
  path: Assets/ImageAssets/사람/비명.png
  artifactKey: Guid(e3b05a3b5c3b42a48a7caf287e6eaf77) Importer(815301076,1909f56bfc062723c751e8b465ee728b)
Start importing Assets/ImageAssets/사람/비명.png using Guid(e3b05a3b5c3b42a48a7caf287e6eaf77) Importer(815301076,1909f56bfc062723c751e8b465ee728b)  -> (artifact id: '0767c0853fd3d00e2ab297bcff708b15') in 0.030798 seconds 
========================================================================
Received Import Request.
  Time since last request: 61.039816 seconds.
  path: Assets/ImageAssets/배경/Room.jpeg
  artifactKey: Guid(240e14b4e515a004aa88780440f04e50) Importer(815301076,1909f56bfc062723c751e8b465ee728b)
Start importing Assets/ImageAssets/배경/Room.jpeg using Guid(240e14b4e515a004aa88780440f04e50) Importer(815301076,1909f56bfc062723c751e8b465ee728b)  -> (artifact id: '6f8f4c74c199ca1f3e1b62af7848b44e') in 0.076904 seconds 
========================================================================
Received Import Request.
  Time since last request: 25.611222 seconds.
  path: Assets/Sounds/대사/Scene4&5 sounds
  artifactKey: Guid(e29459261f556a3459eb918faa4e3108) Importer(815301076,1909f56bfc062723c751e8b465ee728b)
Start importing Assets/Sounds/대사/Scene4&5 sounds using Guid(e29459261f556a3459eb918faa4e3108) Importer(815301076,1909f56bfc062723c751e8b465ee728b)  -> (artifact id: 'df0909812047fa00b3d5fcb2bdfc5d06') in 0.002799 seconds 
========================================================================
Received Import Request.
  Time since last request: 1522.930353 seconds.
  path: Assets/Sounds/대사/Scene4&5 sounds/그래 이만 하면.mp3
  artifactKey: Guid(73933256fe2b029448602ed7c7a56d6d) Importer(815301076,1909f56bfc062723c751e8b465ee728b)
Start importing Assets/Sounds/대사/Scene4&5 sounds/그래 이만 하면.mp3 using Guid(73933256fe2b029448602ed7c7a56d6d) Importer(815301076,1909f56bfc062723c751e8b465ee728b)  -> (artifact id: '0e4a660ce00717352d479f5c35de3f52') in 0.077051 seconds 
========================================================================
Received Import Request.
  Time since last request: 0.000035 seconds.
  path: Assets/Sounds/대사/Scene4&5 sounds/역시 꿈이 아닐 줄.mp3
  artifactKey: Guid(0ed4094acaccdf04ab20909d25e21cc5) Importer(815301076,1909f56bfc062723c751e8b465ee728b)
Start importing Assets/Sounds/대사/Scene4&5 sounds/역시 꿈이 아닐 줄.mp3 using Guid(0ed4094acaccdf04ab20909d25e21cc5) Importer(815301076,1909f56bfc062723c751e8b465ee728b)  -> (artifact id: '428a4bfef835bdd5bd466ec874a7af23') in 0.008454 seconds 
========================================================================
Received Import Request.
  Time since last request: 0.000025 seconds.
  path: Assets/Sounds/대사/Scene4&5 sounds/한 대 쥐어박고.mp3
  artifactKey: Guid(5c03ddc14040cfd4fa5f5a5e8b0c3c50) Importer(815301076,1909f56bfc062723c751e8b465ee728b)
Start importing Assets/Sounds/대사/Scene4&5 sounds/한 대 쥐어박고.mp3 using Guid(5c03ddc14040cfd4fa5f5a5e8b0c3c50) Importer(815301076,1909f56bfc062723c751e8b465ee728b)  -> (artifact id: '78d41094228d25680e4d1264ae413ff6') in 0.008240 seconds 
========================================================================
Received Import Request.
  Time since last request: 0.000018 seconds.
  path: Assets/Sounds/대사/Scene4&5 sounds/제 생각이 너무 짧았어요.mp3
  artifactKey: Guid(60450d597f04a0e428e1939328587618) Importer(815301076,1909f56bfc062723c751e8b465ee728b)
Start importing Assets/Sounds/대사/Scene4&5 sounds/제 생각이 너무 짧았어요.mp3 using Guid(60450d597f04a0e428e1939328587618) Importer(815301076,1909f56bfc062723c751e8b465ee728b)  -> (artifact id: 'cbab87d15d6ebadb6327713ec26db8f8') in 0.008139 seconds 
========================================================================
Received Import Request.
  Time since last request: 0.000021 seconds.
  path: Assets/Sounds/대사/Scene4&5 sounds/여러분도 저 금쪽이처럼.mp3
  artifactKey: Guid(e305df8a1b4314a4f840202d82914253) Importer(815301076,1909f56bfc062723c751e8b465ee728b)
Start importing Assets/Sounds/대사/Scene4&5 sounds/여러분도 저 금쪽이처럼.mp3 using Guid(e305df8a1b4314a4f840202d82914253) Importer(815301076,1909f56bfc062723c751e8b465ee728b)  -> (artifact id: '850b599f27e76c5c8b9d857aaef98dba') in 0.008242 seconds 
========================================================================
Received Import Request.
  Time since last request: 0.000024 seconds.
  path: Assets/Sounds/대사/Scene4&5 sounds/세종씨도 건강.mp3
  artifactKey: Guid(06ff6cdd23708fc42a4b3f3ffc65cc35) Importer(815301076,1909f56bfc062723c751e8b465ee728b)
Start importing Assets/Sounds/대사/Scene4&5 sounds/세종씨도 건강.mp3 using Guid(06ff6cdd23708fc42a4b3f3ffc65cc35) Importer(815301076,1909f56bfc062723c751e8b465ee728b)  -> (artifact id: '31c206f4fd31ada0d3a05520a6c75a34') in 0.008714 seconds 
========================================================================
Received Import Request.
  Time since last request: 0.000025 seconds.
  path: Assets/Sounds/대사/Scene4&5 sounds/역시 다 꿈.mp3
  artifactKey: Guid(2fb445f598421d143bc19ee53ed4db68) Importer(815301076,1909f56bfc062723c751e8b465ee728b)
Start importing Assets/Sounds/대사/Scene4&5 sounds/역시 다 꿈.mp3 using Guid(2fb445f598421d143bc19ee53ed4db68) Importer(815301076,1909f56bfc062723c751e8b465ee728b)  -> (artifact id: 'c9158eaaab6db71d1fd724f1de9b874a') in 0.007862 seconds 
Editor requested this worker to shutdown with reason: Scaling down because of idle timeout
AssetImportWorker is now disconnected from the server
Process exiting
Exiting without the bug reporter. Application will terminate with return code 0